# Logfile created on 2014-02-18 01:18:57 +0100 by logger.rb/44203
D, [2014-02-18T01:18:57.829628 #4519] DEBUG -- : REQUESTING PAGE: GET / with {} and HTTP headers {}
D, [2014-02-18T01:18:57.873501 #4519] DEBUG -- : REQUESTING PAGE: GET /about with {} and HTTP headers {"HTTP_REFERER"=>"/"}
D, [2014-02-18T01:18:57.897815 #4519] DEBUG -- : REQUESTING PAGE: GET /help with {} and HTTP headers {"HTTP_REFERER"=>"/about"}
D, [2014-02-18T01:19:37.510123 #4533] DEBUG -- : REQUESTING PAGE: GET / with {} and HTTP headers {}
D, [2014-02-18T01:19:37.575664 #4533] DEBUG -- : REQUESTING PAGE: GET /about with {} and HTTP headers {"HTTP_REFERER"=>"/"}
D, [2014-02-18T01:19:37.599862 #4533] DEBUG -- : REQUESTING PAGE: GET /help with {} and HTTP headers {"HTTP_REFERER"=>"/about"}
D, [2014-02-18T01:19:37.624611 #4533] DEBUG -- : REQUESTING PAGE: GET /contact with {} and HTTP headers {"HTTP_REFERER"=>"/help"}
D, [2014-02-18T01:19:37.648811 #4533] DEBUG -- : REQUESTING PAGE: GET / with {} and HTTP headers {"HTTP_REFERER"=>"/contact"}
D, [2014-02-18T01:19:37.673975 #4533] DEBUG -- : REQUESTING PAGE: GET /signup with {} and HTTP headers {"HTTP_REFERER"=>"/"}
D, [2014-02-18T02:14:06.453539 #5020] DEBUG -- : REQUESTING PAGE: GET / with {} and HTTP headers {}
D, [2014-02-18T02:14:06.479134 #5020] DEBUG -- : REQUESTING PAGE: GET /about with {} and HTTP headers {"HTTP_REFERER"=>"/"}
D, [2014-02-18T02:14:06.504180 #5020] DEBUG -- : REQUESTING PAGE: GET /help with {} and HTTP headers {"HTTP_REFERER"=>"/about"}
D, [2014-02-18T02:14:06.530376 #5020] DEBUG -- : REQUESTING PAGE: GET /contact with {} and HTTP headers {"HTTP_REFERER"=>"/help"}
D, [2014-02-18T02:14:06.554792 #5020] DEBUG -- : REQUESTING PAGE: GET / with {} and HTTP headers {"HTTP_REFERER"=>"/contact"}
D, [2014-02-18T02:14:06.613391 #5020] DEBUG -- : REQUESTING PAGE: GET /signup with {} and HTTP headers {"HTTP_REFERER"=>"/"}
D, [2014-02-18T02:17:42.572543 #5052] DEBUG -- : REQUESTING PAGE: GET / with {} and HTTP headers {}
D, [2014-02-18T02:17:42.599878 #5052] DEBUG -- : REQUESTING PAGE: GET /about with {} and HTTP headers {"HTTP_REFERER"=>"/"}
D, [2014-02-18T02:17:42.626530 #5052] DEBUG -- : REQUESTING PAGE: GET /help with {} and HTTP headers {"HTTP_REFERER"=>"/about"}
D, [2014-02-18T02:17:42.650609 #5052] DEBUG -- : REQUESTING PAGE: GET /contact with {} and HTTP headers {"HTTP_REFERER"=>"/help"}
D, [2014-02-18T02:17:42.675729 #5052] DEBUG -- : REQUESTING PAGE: GET / with {} and HTTP headers {"HTTP_REFERER"=>"/contact"}
D, [2014-02-18T02:17:42.700589 #5052] DEBUG -- : REQUESTING PAGE: GET /signup with {} and HTTP headers {"HTTP_REFERER"=>"/"}
D, [2014-02-18T02:18:26.521332 #5065] DEBUG -- : REQUESTING PAGE: GET / with {} and HTTP headers {}
D, [2014-02-18T02:18:26.589331 #5065] DEBUG -- : REQUESTING PAGE: GET /about with {} and HTTP headers {"HTTP_REFERER"=>"/"}
D, [2014-02-18T02:18:26.614722 #5065] DEBUG -- : REQUESTING PAGE: GET /help with {} and HTTP headers {"HTTP_REFERER"=>"/about"}
D, [2014-02-18T02:18:26.640274 #5065] DEBUG -- : REQUESTING PAGE: GET /contact with {} and HTTP headers {"HTTP_REFERER"=>"/help"}
D, [2014-02-18T02:18:26.666349 #5065] DEBUG -- : REQUESTING PAGE: GET / with {} and HTTP headers {"HTTP_REFERER"=>"/contact"}
D, [2014-02-18T02:18:26.692825 #5065] DEBUG -- : REQUESTING PAGE: GET /signup with {} and HTTP headers {"HTTP_REFERER"=>"/"}
D, [2014-02-18T02:18:42.861450 #5075] DEBUG -- : REQUESTING PAGE: GET / with {} and HTTP headers {}
D, [2014-02-18T02:18:42.888171 #5075] DEBUG -- : REQUESTING PAGE: GET /about with {} and HTTP headers {"HTTP_REFERER"=>"/"}
D, [2014-02-18T02:18:42.915514 #5075] DEBUG -- : REQUESTING PAGE: GET /help with {} and HTTP headers {"HTTP_REFERER"=>"/about"}
D, [2014-02-18T02:18:42.942471 #5075] DEBUG -- : REQUESTING PAGE: GET /contact with {} and HTTP headers {"HTTP_REFERER"=>"/help"}
D, [2014-02-18T02:18:42.986492 #5075] DEBUG -- : REQUESTING PAGE: GET / with {} and HTTP headers {"HTTP_REFERER"=>"/contact"}
D, [2014-02-18T02:18:43.013646 #5075] DEBUG -- : REQUESTING PAGE: GET /signup with {} and HTTP headers {"HTTP_REFERER"=>"/"}
D, [2014-02-18T02:23:51.765419 #5118] DEBUG -- : REQUESTING PAGE: GET / with {} and HTTP headers {}
D, [2014-02-18T02:23:51.788913 #5118] DEBUG -- : REQUESTING PAGE: GET /about with {} and HTTP headers {"HTTP_REFERER"=>"/"}
D, [2014-02-18T02:23:51.853040 #5118] DEBUG -- : REQUESTING PAGE: GET /help with {} and HTTP headers {"HTTP_REFERER"=>"/about"}
D, [2014-02-18T02:23:51.881390 #5118] DEBUG -- : REQUESTING PAGE: GET /contact with {} and HTTP headers {"HTTP_REFERER"=>"/help"}
D, [2014-02-18T02:23:51.906776 #5118] DEBUG -- : REQUESTING PAGE: GET / with {} and HTTP headers {"HTTP_REFERER"=>"/contact"}
D, [2014-02-18T02:23:51.931513 #5118] DEBUG -- : REQUESTING PAGE: GET /signup with {} and HTTP headers {"HTTP_REFERER"=>"/"}
D, [2014-02-18T02:24:43.259368 #5136] DEBUG -- : REQUESTING PAGE: GET / with {} and HTTP headers {}
D, [2014-02-18T02:24:43.287549 #5136] DEBUG -- : REQUESTING PAGE: GET /about with {} and HTTP headers {"HTTP_REFERER"=>"/"}
D, [2014-02-18T02:24:43.312812 #5136] DEBUG -- : REQUESTING PAGE: GET /help with {} and HTTP headers {"HTTP_REFERER"=>"/about"}
D, [2014-02-18T02:24:43.338747 #5136] DEBUG -- : REQUESTING PAGE: GET /contact with {} and HTTP headers {"HTTP_REFERER"=>"/help"}
D, [2014-02-18T02:24:43.362864 #5136] DEBUG -- : REQUESTING PAGE: GET / with {} and HTTP headers {"HTTP_REFERER"=>"/contact"}
D, [2014-02-18T02:24:43.384722 #5136] DEBUG -- : REQUESTING PAGE: GET /signup with {} and HTTP headers {"HTTP_REFERER"=>"/"}
D, [2014-02-18T02:25:51.989701 #5151] DEBUG -- : REQUESTING PAGE: GET / with {} and HTTP headers {}
D, [2014-02-18T02:25:52.013776 #5151] DEBUG -- : REQUESTING PAGE: GET /about with {} and HTTP headers {"HTTP_REFERER"=>"/"}
D, [2014-02-18T02:25:52.040311 #5151] DEBUG -- : REQUESTING PAGE: GET /help with {} and HTTP headers {"HTTP_REFERER"=>"/about"}
D, [2014-02-18T02:25:52.066587 #5151] DEBUG -- : REQUESTING PAGE: GET /contact with {} and HTTP headers {"HTTP_REFERER"=>"/help"}
D, [2014-02-18T02:25:52.092233 #5151] DEBUG -- : REQUESTING PAGE: GET / with {} and HTTP headers {"HTTP_REFERER"=>"/contact"}
D, [2014-02-18T02:25:52.124427 #5151] DEBUG -- : REQUESTING PAGE: GET /signup with {} and HTTP headers {"HTTP_REFERER"=>"/"}
D, [2014-02-18T02:26:12.477830 #5162] DEBUG -- : REQUESTING PAGE: GET / with {} and HTTP headers {}
D, [2014-02-18T02:26:12.503524 #5162] DEBUG -- : REQUESTING PAGE: GET /about with {} and HTTP headers {"HTTP_REFERER"=>"/"}
D, [2014-02-18T02:26:12.529879 #5162] DEBUG -- : REQUESTING PAGE: GET /help with {} and HTTP headers {"HTTP_REFERER"=>"/about"}
D, [2014-02-18T02:26:12.555322 #5162] DEBUG -- : REQUESTING PAGE: GET /contact with {} and HTTP headers {"HTTP_REFERER"=>"/help"}
D, [2014-02-18T02:26:12.587747 #5162] DEBUG -- : REQUESTING PAGE: GET / with {} and HTTP headers {"HTTP_REFERER"=>"/contact"}
D, [2014-02-18T02:26:12.613673 #5162] DEBUG -- : REQUESTING PAGE: GET /signup with {} and HTTP headers {"HTTP_REFERER"=>"/"}
